<?xml version="1.0" encoding="UTF-8" standalone="no"?>
<!DOCTYPE log SYSTEM "logger.dtd">
<log>
<record>
  <date>2019-10-18T13:03:16</date>
  <millis>1571418196890</millis>
  <sequence>0</sequence>
  <level>START</level>
  <class>com.kms.katalon.core.logging.XmlKeywordLogger</class>
  <method>startSuite</method>
  <thread>1</thread>
  <message>Start Test Suite : Test Suites/New Agreement</message>
  <nestedLevel>0</nestedLevel>
  <property name="name">New Agreement</property>
  <property name="description"></property>
  <property name="id">Test Suites/New Agreement</property>
</record>
<record>
  <date>2019-10-18T13:03:16</date>
  <millis>1571418196907</millis>
  <sequence>1</sequence>
  <level>RUN_DATA</level>
  <class>com.kms.katalon.core.logging.XmlKeywordLogger</class>
  <method>logMessage</method>
  <thread>1</thread>
  <message>hostName = tahilianis2 - L02147599.niaid.nih.gov</message>
  <nestedLevel>0</nestedLevel>
  <property name="hostName">tahilianis2 - L02147599.niaid.nih.gov</property>
</record>
<record>
  <date>2019-10-18T13:03:16</date>
  <millis>1571418196909</millis>
  <sequence>2</sequence>
  <level>RUN_DATA</level>
  <class>com.kms.katalon.core.logging.XmlKeywordLogger</class>
  <method>logMessage</method>
  <thread>1</thread>
  <message>os = Windows 10 64bit</message>
  <nestedLevel>0</nestedLevel>
  <property name="os">Windows 10 64bit</property>
</record>
<record>
  <date>2019-10-18T13:03:16</date>
  <millis>1571418196910</millis>
  <sequence>3</sequence>
  <level>RUN_DATA</level>
  <class>com.kms.katalon.core.logging.XmlKeywordLogger</class>
  <method>logMessage</method>
  <thread>1</thread>
  <message>hostAddress = 192.168.137.1</message>
  <nestedLevel>0</nestedLevel>
  <property name="hostAddress">192.168.137.1</property>
</record>
<record>
  <date>2019-10-18T13:03:16</date>
  <millis>1571418196911</millis>
  <sequence>4</sequence>
  <level>RUN_DATA</level>
  <class>com.kms.katalon.core.logging.XmlKeywordLogger</class>
  <method>logMessage</method>
  <thread>1</thread>
  <message>katalonVersion = 6.3.3.11</message>
  <nestedLevel>0</nestedLevel>
  <property name="katalonVersion">6.3.3.11</property>
</record>
<record>
  <date>2019-10-18T13:03:17</date>
  <millis>1571418197385</millis>
  <sequence>5</sequence>
  <level>START</level>
  <class>com.kms.katalon.core.logging.XmlKeywordLogger</class>
  <method>startTest</method>
  <thread>1</thread>
  <message>Start Test Case : Test Cases/2.RO, TTIPO, Medical, ORA Draft Assignments</message>
  <nestedLevel>1</nestedLevel>
  <property name="name">Test Cases/2.RO, TTIPO, Medical, ORA Draft Assignments</property>
  <property name="description"></property>
  <property name="id">Test Cases/2.RO, TTIPO, Medical, ORA Draft Assignments</property>
  <property name="source">C:\\Users\\tahilianis2\\Katalon Studio\\TestProject\\Test Cases\\2.RO, TTIPO, Medical, ORA Draft Assignments.tc</property>
  <property name="tag"></property>
  <property name="isOptional">false</property>
</record>
<record>
  <date>2019-10-18T13:03:17</date>
  <millis>1571418197545</millis>
  <sequence>7</sequence>
  <level>INFO</level>
  <class>com.kms.katalon.core.logging.XmlKeywordLogger</class>
  <method>logMessage</method>
  <thread>1</thread>
  <message>(Default) URL = https://otds16-dev.niaid.nih.gov/otdsws/login?RFA=a484109d-a8f4-4e9f-87b9-81e30ad91b15%3Ahttps%3A%2F%2Fedrms-dev%2Eniaid%2Enih%2Egov%2Flivelink%2Fllisapi%2Edll%3Ffunc%3Dotdsintegration%2Eredirect%26NextURL%3Dhttps%253A%252F%252Fedrms%252Ddev%252Eniaid%252Enih%252Egov%252Flivelink%252Fllisapi%252Edll%253Fotdsauth%253Dno%252Dsso&amp;amp;PostTicket=true&amp;amp;PostParams=true&amp;amp;otdsauth=no-sso&amp;amp;ux_version=1&amp;amp;PreserveFragment=true</message>
  <nestedLevel>1</nestedLevel>
</record>
<record>
  <date>2019-10-18T13:03:18</date>
  <millis>1571418198094</millis>
  <sequence>8</sequence>
  <level>START</level>
  <class>com.kms.katalon.core.logging.XmlKeywordLogger</class>
  <method>startKeyword</method>
  <thread>1</thread>
  <message>Start action : openBrowser(\&amp;quot;\&amp;quot;)</message>
  <nestedLevel>1</nestedLevel>
  <property name="startLine">17</property>
  <property name="stepIndex">1</property>
</record>
<record>
  <date>2019-10-18T13:03:18</date>
  <millis>1571418198378</millis>
  <sequence>10</sequence>
  <level>INFO</level>
  <class>com.kms.katalon.core.logging.XmlKeywordLogger</class>
  <method>logMessage</method>
  <thread>1</thread>
  <message>Starting &amp;apos;Chrome&amp;apos; driver</message>
  <nestedLevel>1</nestedLevel>
</record>
<record>
  <date>2019-10-18T13:03:18</date>
  <millis>1571418198424</millis>
  <sequence>12</sequence>
  <level>INFO</level>
  <class>com.kms.katalon.core.logging.XmlKeywordLogger</class>
  <method>logMessage</method>
  <thread>1</thread>
  <message>Action delay is set to 0 seconds</message>
  <nestedLevel>1</nestedLevel>
</record>
<record>
  <date>2019-10-18T13:03:21</date>
  <millis>1571418201361</millis>
  <sequence>14</sequence>
  <level>RUN_DATA</level>
  <class>com.kms.katalon.core.logging.XmlKeywordLogger</class>
  <method>logMessage</method>
  <thread>1</thread>
  <message>sessionId = 8cfb4bdd40b3b08519858064a8357034</message>
  <nestedLevel>1</nestedLevel>
  <property name="sessionId">8cfb4bdd40b3b08519858064a8357034</property>
</record>
<record>
  <date>2019-10-18T13:03:21</date>
  <millis>1571418201453</millis>
  <sequence>15</sequence>
  <level>RUN_DATA</level>
  <class>com.kms.katalon.core.logging.XmlKeywordLogger</class>
  <method>logMessage</method>
  <thread>1</thread>
  <message>browser = Chrome 77.0.3865.120</message>
  <nestedLevel>1</nestedLevel>
  <property name="browser">Chrome 77.0.3865.120</property>
</record>
<record>
  <date>2019-10-18T13:03:21</date>
  <millis>1571418201453</millis>
  <sequence>16</sequence>
  <level>RUN_DATA</level>
  <class>com.kms.katalon.core.logging.XmlKeywordLogger</class>
  <method>logMessage</method>
  <thread>1</thread>
  <message>platform = Windows 10</message>
  <nestedLevel>1</nestedLevel>
  <property name="platform">Windows 10</property>
</record>
<record>
  <date>2019-10-18T13:03:21</date>
  <millis>1571418201454</millis>
  <sequence>17</sequence>
  <level>RUN_DATA</level>
  <class>com.kms.katalon.core.logging.XmlKeywordLogger</class>
  <method>logMessage</method>
  <thread>1</thread>
  <message>seleniumVersion = 3.141.59</message>
  <nestedLevel>1</nestedLevel>
  <property name="seleniumVersion">3.141.59</property>
</record>
<record>
  <date>2019-10-18T13:03:21</date>
  <millis>1571418201455</millis>
  <sequence>18</sequence>
  <level>RUN_DATA</level>
  <class>com.kms.katalon.core.logging.XmlKeywordLogger</class>
  <method>logMessage</method>
  <thread>1</thread>
  <message>proxyInformation = ProxyInformation{proxyOption=NO_PROXY, proxyServerType=HTTP, password=, proxyServerAddress=, proxyServerPort=0}</message>
  <nestedLevel>1</nestedLevel>
  <property name="proxyInformation">ProxyInformation{proxyOption=NO_PROXY, proxyServerType=HTTP, password=, proxyServerAddress=, proxyServerPort=0}</property>
</record>
<record>
  <date>2019-10-18T13:03:21</date>
  <millis>1571418201455</millis>
  <sequence>19</sequence>
  <level>PASSED</level>
  <class>com.kms.katalon.core.logging.XmlKeywordLogger</class>
  <method>logMessage</method>
  <thread>1</thread>
  <message>Browser is opened with url: &amp;apos;&amp;apos;</message>
  <nestedLevel>1</nestedLevel>
</record>
<record>
  <date>2019-10-18T13:03:21</date>
  <millis>1571418201456</millis>
  <sequence>20</sequence>
  <level>END</level>
  <class>com.kms.katalon.core.logging.XmlKeywordLogger</class>
  <method>endKeyword</method>
  <thread>1</thread>
  <message>End action : openBrowser(\&amp;quot;\&amp;quot;)</message>
  <nestedLevel>1</nestedLevel>
</record>
<record>
  <date>2019-10-18T13:03:21</date>
  <millis>1571418201456</millis>
  <sequence>21</sequence>
  <level>START</level>
  <class>com.kms.katalon.core.logging.XmlKeywordLogger</class>
  <method>startKeyword</method>
  <thread>1</thread>
  <message>Start action : navigateToUrl(\&amp;quot;https://otds16-dev.niaid.nih.gov/otdsws/login?RFA=a484109d-a8f4-4e9f-87b9-81e30ad91b15%3Ahttps%3A%2F%2Fedrms-dev%2Eniaid%2Enih%2Egov%2Flivelink%2Fllisapi%2Edll%3Ffunc%3Dotdsintegration%2Eredirect%26NextURL%3Dhttps%253A%252F%252Fedrms%252Ddev%252Eniaid%252Enih%252Egov%252Flivelink%252Fllisapi%252Edll%253Fotdsauth%253Dno%252Dsso&amp;amp;PostTicket=true&amp;amp;PostParams=true&amp;amp;otdsauth=no-sso&amp;amp;ux_version=1&amp;amp;PreserveFragment=true\&amp;quot;)</message>
  <nestedLevel>1</nestedLevel>
  <property name="startLine">19</property>
  <property name="stepIndex">2</property>
</record>
<record>
  <date>2019-10-18T13:03:21</date>
  <millis>1571418201964</millis>
  <sequence>24</sequence>
  <level>PASSED</level>
  <class>com.kms.katalon.core.logging.XmlKeywordLogger</class>
  <method>logMessage</method>
  <thread>1</thread>
  <message>Navigate to &amp;apos;https://otds16-dev.niaid.nih.gov/otdsws/login?RFA=a484109d-a8f4-4e9f-87b9-81e30ad91b15%3Ahttps%3A%2F%2Fedrms-dev%2Eniaid%2Enih%2Egov%2Flivelink%2Fllisapi%2Edll%3Ffunc%3Dotdsintegration%2Eredirect%26NextURL%3Dhttps%253A%252F%252Fedrms%252Ddev%252Eniaid%252Enih%252Egov%252Flivelink%252Fllisapi%252Edll%253Fotdsauth%253Dno%252Dsso&amp;amp;PostTicket=true&amp;amp;PostParams=true&amp;amp;otdsauth=no-sso&amp;amp;ux_version=1&amp;amp;PreserveFragment=true&amp;apos; successfully</message>
  <nestedLevel>1</nestedLevel>
</record>
<record>
  <date>2019-10-18T13:03:21</date>
  <millis>1571418201970</millis>
  <sequence>25</sequence>
  <level>END</level>
  <class>com.kms.katalon.core.logging.XmlKeywordLogger</class>
  <method>endKeyword</method>
  <thread>1</thread>
  <message>End action : navigateToUrl(\&amp;quot;https://otds16-dev.niaid.nih.gov/otdsws/login?RFA=a484109d-a8f4-4e9f-87b9-81e30ad91b15%3Ahttps%3A%2F%2Fedrms-dev%2Eniaid%2Enih%2Egov%2Flivelink%2Fllisapi%2Edll%3Ffunc%3Dotdsintegration%2Eredirect%26NextURL%3Dhttps%253A%252F%252Fedrms%252Ddev%252Eniaid%252Enih%252Egov%252Flivelink%252Fllisapi%252Edll%253Fotdsauth%253Dno%252Dsso&amp;amp;PostTicket=true&amp;amp;PostParams=true&amp;amp;otdsauth=no-sso&amp;amp;ux_version=1&amp;amp;PreserveFragment=true\&amp;quot;)</message>
  <nestedLevel>1</nestedLevel>
</record>
<record>
  <date>2019-10-18T13:03:21</date>
  <millis>1571418201972</millis>
  <sequence>26</sequence>
  <level>START</level>
  <class>com.kms.katalon.core.logging.XmlKeywordLogger</class>
  <method>startKeyword</method>
  <thread>1</thread>
  <message>Start action : setText(findTestObject(\&amp;quot;Object Repository/Page_OpenText Authentication Service/input_User name_otds_username\&amp;quot;), \&amp;quot;testlivelink3\&amp;quot;)</message>
  <nestedLevel>1</nestedLevel>
  <property name="startLine">21</property>
  <property name="stepIndex">3</property>
</record>
<record>
  <date>2019-10-18T13:03:22</date>
  <millis>1571418202518</millis>
  <sequence>35</sequence>
  <level>PASSED</level>
  <class>com.kms.katalon.core.logging.XmlKeywordLogger</class>
  <method>logMessage</method>
  <thread>1</thread>
  <message>Text &amp;apos;testlivelink3&amp;apos; is set on object &amp;apos;Object Repository/Page_OpenText Authentication Service/input_User name_otds_username&amp;apos;</message>
  <nestedLevel>1</nestedLevel>
</record>
<record>
  <date>2019-10-18T13:03:22</date>
  <millis>1571418202519</millis>
  <sequence>36</sequence>
  <level>END</level>
  <class>com.kms.katalon.core.logging.XmlKeywordLogger</class>
  <method>endKeyword</method>
  <thread>1</thread>
  <message>End action : setText(findTestObject(\&amp;quot;Object Repository/Page_OpenText Authentication Service/input_User name_otds_username\&amp;quot;), \&amp;quot;testlivelink3\&amp;quot;)</message>
  <nestedLevel>1</nestedLevel>
</record>
<record>
  <date>2019-10-18T13:03:22</date>
  <millis>1571418202519</millis>
  <sequence>37</sequence>
  <level>START</level>
  <class>com.kms.katalon.core.logging.XmlKeywordLogger</class>
  <method>startKeyword</method>
  <thread>1</thread>
  <message>Start action : setEncryptedText(findTestObject(\&amp;quot;Object Repository/Page_OpenText Authentication Service/input_Password_otds_password\&amp;quot;), \&amp;quot;p4y+y39Ir5OVAku3apnoyY8A6tMr8UqZ\&amp;quot;)</message>
  <nestedLevel>1</nestedLevel>
  <property name="startLine">23</property>
  <property name="stepIndex">4</property>
</record>
<record>
  <date>2019-10-18T13:03:23</date>
  <millis>1571418203020</millis>
  <sequence>46</sequence>
  <level>PASSED</level>
  <class>com.kms.katalon.core.logging.XmlKeywordLogger</class>
  <method>logMessage</method>
  <thread>1</thread>
  <message>Text ****** has been set on object &amp;apos;Object Repository/Page_OpenText Authentication Service/input_Password_otds_password&amp;apos;</message>
  <nestedLevel>1</nestedLevel>
</record>
<record>
  <date>2019-10-18T13:03:23</date>
  <millis>1571418203021</millis>
  <sequence>47</sequence>
  <level>END</level>
  <class>com.kms.katalon.core.logging.XmlKeywordLogger</class>
  <method>endKeyword</method>
  <thread>1</thread>
  <message>End action : setEncryptedText(findTestObject(\&amp;quot;Object Repository/Page_OpenText Authentication Service/input_Password_otds_password\&amp;quot;), \&amp;quot;p4y+y39Ir5OVAku3apnoyY8A6tMr8UqZ\&amp;quot;)</message>
  <nestedLevel>1</nestedLevel>
</record>
<record>
  <date>2019-10-18T13:03:23</date>
  <millis>1571418203021</millis>
  <sequence>48</sequence>
  <level>START</level>
  <class>com.kms.katalon.core.logging.XmlKeywordLogger</class>
  <method>startKeyword</method>
  <thread>1</thread>
  <message>Start action : click(findTestObject(\&amp;quot;Object Repository/Page_OpenText Authentication Service/input_Password_loginbutton\&amp;quot;))</message>
  <nestedLevel>1</nestedLevel>
  <property name="startLine">26</property>
  <property name="stepIndex">5</property>
</record>
<record>
  <date>2019-10-18T13:03:24</date>
  <millis>1571418204646</millis>
  <sequence>55</sequence>
  <level>PASSED</level>
  <class>com.kms.katalon.core.logging.XmlKeywordLogger</class>
  <method>logMessage</method>
  <thread>1</thread>
  <message>Object: &amp;apos;Object Repository/Page_OpenText Authentication Service/input_Password_loginbutton&amp;apos; is clicked on</message>
  <nestedLevel>1</nestedLevel>
</record>
<record>
  <date>2019-10-18T13:03:24</date>
  <millis>1571418204647</millis>
  <sequence>56</sequence>
  <level>END</level>
  <class>com.kms.katalon.core.logging.XmlKeywordLogger</class>
  <method>endKeyword</method>
  <thread>1</thread>
  <message>End action : click(findTestObject(\&amp;quot;Object Repository/Page_OpenText Authentication Service/input_Password_loginbutton\&amp;quot;))</message>
  <nestedLevel>1</nestedLevel>
</record>
<record>
  <date>2019-10-18T13:03:24</date>
  <millis>1571418204647</millis>
  <sequence>57</sequence>
  <level>START</level>
  <class>com.kms.katalon.core.logging.XmlKeywordLogger</class>
  <method>startKeyword</method>
  <thread>1</thread>
  <message>Start action : click(findTestObject(\&amp;quot;Object Repository/Page_Enterprise/a_Division of Allergy Immunology and Transplantation\&amp;quot;))</message>
  <nestedLevel>1</nestedLevel>
  <property name="startLine">28</property>
  <property name="stepIndex">6</property>
</record>
<record>
  <date>2019-10-18T13:03:25</date>
  <millis>1571418205380</millis>
  <sequence>64</sequence>
  <level>PASSED</level>
  <class>com.kms.katalon.core.logging.XmlKeywordLogger</class>
  <method>logMessage</method>
  <thread>1</thread>
  <message>Object: &amp;apos;Object Repository/Page_Enterprise/a_Division of Allergy Immunology and Transplantation&amp;apos; is clicked on</message>
  <nestedLevel>1</nestedLevel>
</record>
<record>
  <date>2019-10-18T13:03:25</date>
  <millis>1571418205380</millis>
  <sequence>65</sequence>
  <level>END</level>
  <class>com.kms.katalon.core.logging.XmlKeywordLogger</class>
  <method>endKeyword</method>
  <thread>1</thread>
  <message>End action : click(findTestObject(\&amp;quot;Object Repository/Page_Enterprise/a_Division of Allergy Immunology and Transplantation\&amp;quot;))</message>
  <nestedLevel>1</nestedLevel>
</record>
<record>
  <date>2019-10-18T13:03:25</date>
  <millis>1571418205381</millis>
  <sequence>66</sequence>
  <level>START</level>
  <class>com.kms.katalon.core.logging.XmlKeywordLogger</class>
  <method>startKeyword</method>
  <thread>1</thread>
  <message>Start action : click(findTestObject(\&amp;quot;Object Repository/Page_Division of Allergy Immunology and Transplantation/a_Office of Regulatory Affairs - Clinical Trial Agreements\&amp;quot;))</message>
  <nestedLevel>1</nestedLevel>
  <property name="startLine">30</property>
  <property name="stepIndex">7</property>
</record>
<record>
  <date>2019-10-18T13:03:26</date>
  <millis>1571418206165</millis>
  <sequence>73</sequence>
  <level>PASSED</level>
  <class>com.kms.katalon.core.logging.XmlKeywordLogger</class>
  <method>logMessage</method>
  <thread>1</thread>
  <message>Object: &amp;apos;Object Repository/Page_Division of Allergy Immunology and Transplantation/a_Office of Regulatory Affairs - Clinical Trial Agreements&amp;apos; is clicked on</message>
  <nestedLevel>1</nestedLevel>
</record>
<record>
  <date>2019-10-18T13:03:26</date>
  <millis>1571418206168</millis>
  <sequence>74</sequence>
  <level>END</level>
  <class>com.kms.katalon.core.logging.XmlKeywordLogger</class>
  <method>endKeyword</method>
  <thread>1</thread>
  <message>End action : click(findTestObject(\&amp;quot;Object Repository/Page_Division of Allergy Immunology and Transplantation/a_Office of Regulatory Affairs - Clinical Trial Agreements\&amp;quot;))</message>
  <nestedLevel>1</nestedLevel>
</record>
<record>
  <date>2019-10-18T13:03:26</date>
  <millis>1571418206168</millis>
  <sequence>75</sequence>
  <level>START</level>
  <class>com.kms.katalon.core.logging.XmlKeywordLogger</class>
  <method>startKeyword</method>
  <thread>1</thread>
  <message>Start action : click(findTestObject(\&amp;quot;Object Repository/Page_Office of Regulatory Affairs - Clinical Trial Agreements/a_CTA V3 Administration\&amp;quot;))</message>
  <nestedLevel>1</nestedLevel>
  <property name="startLine">32</property>
  <property name="stepIndex">8</property>
</record>
<record>
  <date>2019-10-18T13:03:26</date>
  <millis>1571418206963</millis>
  <sequence>82</sequence>
  <level>PASSED</level>
  <class>com.kms.katalon.core.logging.XmlKeywordLogger</class>
  <method>logMessage</method>
  <thread>1</thread>
  <message>Object: &amp;apos;Object Repository/Page_Office of Regulatory Affairs - Clinical Trial Agreements/a_CTA V3 Administration&amp;apos; is clicked on</message>
  <nestedLevel>1</nestedLevel>
</record>
<record>
  <date>2019-10-18T13:03:26</date>
  <millis>1571418206964</millis>
  <sequence>83</sequence>
  <level>END</level>
  <class>com.kms.katalon.core.logging.XmlKeywordLogger</class>
  <method>endKeyword</method>
  <thread>1</thread>
  <message>End action : click(findTestObject(\&amp;quot;Object Repository/Page_Office of Regulatory Affairs - Clinical Trial Agreements/a_CTA V3 Administration\&amp;quot;))</message>
  <nestedLevel>1</nestedLevel>
</record>
<record>
  <date>2019-10-18T13:03:26</date>
  <millis>1571418206964</millis>
  <sequence>84</sequence>
  <level>START</level>
  <class>com.kms.katalon.core.logging.XmlKeywordLogger</class>
  <method>startKeyword</method>
  <thread>1</thread>
  <message>Start action : click(findTestObject(\&amp;quot;Object Repository/Page_CTA V3 Administration/a_DAIT CTA Dashboard\&amp;quot;))</message>
  <nestedLevel>1</nestedLevel>
  <property name="startLine">34</property>
  <property name="stepIndex">9</property>
</record>
<record>
  <date>2019-10-18T13:03:28</date>
  <millis>1571418208650</millis>
  <sequence>91</sequence>
  <level>PASSED</level>
  <class>com.kms.katalon.core.logging.XmlKeywordLogger</class>
  <method>logMessage</method>
  <thread>1</thread>
  <message>Object: &amp;apos;Object Repository/Page_CTA V3 Administration/a_DAIT CTA Dashboard&amp;apos; is clicked on</message>
  <nestedLevel>1</nestedLevel>
</record>
<record>
  <date>2019-10-18T13:03:28</date>
  <millis>1571418208651</millis>
  <sequence>92</sequence>
  <level>END</level>
  <class>com.kms.katalon.core.logging.XmlKeywordLogger</class>
  <method>endKeyword</method>
  <thread>1</thread>
  <message>End action : click(findTestObject(\&amp;quot;Object Repository/Page_CTA V3 Administration/a_DAIT CTA Dashboard\&amp;quot;))</message>
  <nestedLevel>1</nestedLevel>
</record>
<record>
  <date>2019-10-18T13:03:28</date>
  <millis>1571418208651</millis>
  <sequence>93</sequence>
  <level>START</level>
  <class>com.kms.katalon.core.logging.XmlKeywordLogger</class>
  <method>startKeyword</method>
  <thread>1</thread>
  <message>Start action : click(findTestObject(\&amp;quot;Object Repository/Page_DAIT - ORA - Clinical Trial Agreements/a_RO Prepare Draft Agreement\&amp;quot;))</message>
  <nestedLevel>1</nestedLevel>
  <property name="startLine">36</property>
  <property name="stepIndex">10</property>
</record>
</log>